Id: msg(1,10,24) message: msg(1,10,24) sent_to $a#34804072 logical_time 1 physical_time 1386283348227
Id: msg(11,20,24) message: msg(11,20,24) sent_to $b#-439135814 logical_time 2 physical_time 1386283348228
Id: msg(21,30,24) message: msg(21,30,24) sent_to $c#1571572354 logical_time 3 physical_time 1386283348229
Id: msg(31,40,24) message: msg(31,40,24) sent_to $d#1100090172 logical_time 4 physical_time 1386283348231
Id: msg(41,50,24) message: msg(41,50,24) sent_to $e#-1826983783 logical_time 5 physical_time 1386283348232
Id: msg(51,60,24) message: msg(51,60,24) sent_to $f#1244150031 logical_time 6 physical_time 1386283348233
Id: msg(61,70,24) message: msg(61,70,24) sent_to $g#1644047993 logical_time 7 physical_time 1386283348234
Id: msg(71,80,24) message: msg(71,80,24) sent_to $h#936074018 logical_time 8 physical_time 1386283348236
Id: msg(81,90,24) message: msg(81,90,24) sent_to $i#227279496 logical_time 9 physical_time 1386283348236
Id: msg(91,100,24) message: msg(91,100,24) sent_to $j#-868882045 logical_time 10 physical_time 1386283348237
Id: msg(101,110,24) message: msg(101,110,24) sent_to $k#1765516793 logical_time 11 physical_time 1386283348238
Id: msg(111,120,24) message: msg(111,120,24) sent_to $l#-181609887 logical_time 12 physical_time 1386283348239
Id: msg(121,130,24) message: msg(121,130,24) sent_to $m#62751862 logical_time 13 physical_time 1386283348240
Id: msg(131,140,24) message: msg(131,140,24) sent_to $n#1808510507 logical_time 14 physical_time 1386283348241
Id: msg(141,150,24) message: msg(141,150,24) sent_to $o#397499425 logical_time 15 physical_time 1386283348242
Id: msg(151,160,24) message: msg(151,160,24) sent_to $p#1901764502 logical_time 16 physical_time 1386283348243
Id: msg(161,170,24) message: msg(161,170,24) sent_to $q#-645274605 logical_time 17 physical_time 1386283348244
Id: msg(171,180,24) message: msg(171,180,24) sent_to $r#-1995145588 logical_time 18 physical_time 1386283348244
Id: msg(181,190,24) message: msg(181,190,24) sent_to $s#-477550647 logical_time 19 physical_time 1386283348245
Id: msg(191,200,24) message: msg(191,200,24) sent_to $t#164030547 logical_time 20 physical_time 1386283348246
Id: msg(201,210,24) message: msg(201,210,24) sent_to $u#-1672466400 logical_time 21 physical_time 1386283348247
Id: msg(211,220,24) message: msg(211,220,24) sent_to $v#-142160783 logical_time 22 physical_time 1386283348248
Id: msg(221,230,24) message: msg(221,230,24) sent_to $w#792798918 logical_time 23 physical_time 1386283348249
Id: msg(231,240,24) message: msg(231,240,24) sent_to $x#-476590831 logical_time 24 physical_time 1386283348250
Id: msg(241,250,24) message: msg(241,250,24) sent_to $y#-1906413739 logical_time 25 physical_time 1386283348251
Id: msg(251,260,24) message: msg(251,260,24) sent_to $z#698538750 logical_time 26 physical_time 1386283348252
Id: msg(261,270,24) message: msg(261,270,24) sent_to $A#-1973237396 logical_time 27 physical_time 1386283348253
Id: msg(271,280,24) message: msg(271,280,24) sent_to $B#60801125 logical_time 28 physical_time 1386283348255
Id: msg(281,290,24) message: msg(281,290,24) sent_to $C#-101154428 logical_time 29 physical_time 1386283348256
Id: msg(291,300,24) message: msg(291,300,24) sent_to $D#-27856123 logical_time 30 physical_time 1386283348257
Id: msg(301,310,24) message: msg(301,310,24) sent_to $E#1101042260 logical_time 31 physical_time 1386283348258
Id: msg(311,320,24) message: msg(311,320,24) sent_to $F#637685106 logical_time 32 physical_time 1386283348260
Id: msg(321,330,24) message: msg(321,330,24) sent_to $G#814313213 logical_time 33 physical_time 1386283348261
Id: msg(331,340,24) message: msg(331,340,24) sent_to $H#-1635645289 logical_time 34 physical_time 1386283348263
Id: msg(341,350,24) message: msg(341,350,24) sent_to $I#212438622 logical_time 35 physical_time 1386283348264
Id: msg(351,360,24) message: msg(351,360,24) sent_to $J#-624834146 logical_time 36 physical_time 1386283348268
Id: msg(361,370,24) message: msg(361,370,24) sent_to $K#-359675340 logical_time 37 physical_time 1386283348269
Id: msg(371,380,24) message: msg(371,380,24) sent_to $L#-276650530 logical_time 38 physical_time 1386283348269
Id: msg(381,390,24) message: msg(381,390,24) sent_to $M#-1888630535 logical_time 39 physical_time 1386283348271
Id: msg(391,400,24) message: msg(391,400,24) sent_to $N#923397512 logical_time 40 physical_time 1386283348271
Id: msg(401,410,24) message: msg(401,410,24) sent_to $O#1656489889 logical_time 41 physical_time 1386283348273
Id: msg(411,420,24) message: msg(411,420,24) sent_to $P#541667114 logical_time 42 physical_time 1386283348274
Id: msg(421,430,24) message: msg(421,430,24) sent_to $Q#-293650271 logical_time 43 physical_time 1386283348275
Id: msg(431,440,24) message: msg(431,440,24) sent_to $R#-2717383 logical_time 44 physical_time 1386283348276
Id: msg(441,450,24) message: msg(441,450,24) sent_to $S#2093084647 logical_time 45 physical_time 1386283348277
Id: msg(451,460,24) message: msg(451,460,24) sent_to $T#-834546615 logical_time 46 physical_time 1386283348278
Id: msg(461,470,24) message: msg(461,470,24) sent_to $U#116334505 logical_time 47 physical_time 1386283348279
Id: msg(471,480,24) message: msg(471,480,24) sent_to $V#-2133538919 logical_time 48 physical_time 1386283348280
Id: msg(481,490,24) message: msg(481,490,24) sent_to $W#1825345592 logical_time 49 physical_time 1386283348281
Id: msg(491,500,24) message: msg(491,500,24) sent_to $X#-807681254 logical_time 50 physical_time 1386283348282
Id: 1 message: 1 received_from $a#34804072 local_logical_time 51 sender_logical_clock 3 physical_clock 1386283348283
Id: -1 message: -1 received_from $d#1100090172 local_logical_time 52 sender_logical_clock 6 physical_clock 1386283348283
Id: 20 message: 20 received_from $b#-439135814 local_logical_time 53 sender_logical_clock 4 physical_clock 1386283348284
Id: -1 message: -1 received_from $f#1244150031 local_logical_time 54 sender_logical_clock 8 physical_clock 1386283348284
Id: -1 message: -1 received_from $g#1644047993 local_logical_time 55 sender_logical_clock 9 physical_clock 1386283348285
Id: 76 message: 76 received_from $h#936074018 local_logical_time 56 sender_logical_clock 10 physical_clock 1386283348285
Id: -1 message: -1 received_from $j#-868882045 local_logical_time 57 sender_logical_clock 12 physical_clock 1386283348286
Id: -1 message: -1 received_from $i#227279496 local_logical_time 58 sender_logical_clock 11 physical_clock 1386283348286
Id: -1 message: -1 received_from $l#-181609887 local_logical_time 59 sender_logical_clock 14 physical_clock 1386283348286
Id: -1 message: -1 received_from $k#1765516793 local_logical_time 60 sender_logical_clock 13 physical_clock 1386283348292
Id: 25 message: 25 received_from $c#1571572354 local_logical_time 61 sender_logical_clock 5 physical_clock 1386283348292
Id: -1 message: -1 received_from $n#1808510507 local_logical_time 62 sender_logical_clock 16 physical_clock 1386283348292
Id: -1 message: -1 received_from $o#397499425 local_logical_time 63 sender_logical_clock 17 physical_clock 1386283348293
Id: 121 message: 121 received_from $m#62751862 local_logical_time 64 sender_logical_clock 15 physical_clock 1386283348293
Id: 44 message: 44 received_from $e#-1826983783 local_logical_time 65 sender_logical_clock 7 physical_clock 1386283348293
Id: -1 message: -1 received_from $p#1901764502 local_logical_time 66 sender_logical_clock 18 physical_clock 1386283348293
Id: -1 message: -1 received_from $s#-477550647 local_logical_time 67 sender_logical_clock 21 physical_clock 1386283348294
Id: -1 message: -1 received_from $w#792798918 local_logical_time 68 sender_logical_clock 25 physical_clock 1386283348295
Id: -1 message: -1 received_from $x#-476590831 local_logical_time 69 sender_logical_clock 26 physical_clock 1386283348295
Id: -1 message: -1 received_from $y#-1906413739 local_logical_time 70 sender_logical_clock 27 physical_clock 1386283348295
Id: -1 message: -1 received_from $z#698538750 local_logical_time 71 sender_logical_clock 28 physical_clock 1386283348296
Id: -1 message: -1 received_from $A#-1973237396 local_logical_time 72 sender_logical_clock 29 physical_clock 1386283348296
Id: -1 message: -1 received_from $q#-645274605 local_logical_time 73 sender_logical_clock 19 physical_clock 1386283348296
Id: -1 message: -1 received_from $v#-142160783 local_logical_time 74 sender_logical_clock 24 physical_clock 1386283348296
Id: 197 message: 197 received_from $t#164030547 local_logical_time 75 sender_logical_clock 22 physical_clock 1386283348297
Id: -1 message: -1 received_from $C#-101154428 local_logical_time 76 sender_logical_clock 31 physical_clock 1386283348297
Id: -1 message: -1 received_from $u#-1672466400 local_logical_time 77 sender_logical_clock 23 physical_clock 1386283348298
Id: -1 message: -1 received_from $r#-1995145588 local_logical_time 78 sender_logical_clock 20 physical_clock 1386283348298
Id: 304 message: 304 received_from $E#1101042260 local_logical_time 79 sender_logical_clock 33 physical_clock 1386283348298
Id: -1 message: -1 received_from $D#-27856123 local_logical_time 80 sender_logical_clock 32 physical_clock 1386283348299
Id: -1 message: -1 received_from $G#814313213 local_logical_time 81 sender_logical_clock 35 physical_clock 1386283348299
Id: -1 message: -1 received_from $F#637685106 local_logical_time 82 sender_logical_clock 34 physical_clock 1386283348299
Id: -1 message: -1 received_from $B#60801125 local_logical_time 83 sender_logical_clock 30 physical_clock 1386283348299
Id: -1 message: -1 received_from $H#-1635645289 local_logical_time 84 sender_logical_clock 36 physical_clock 1386283348300
Id: -1 message: -1 received_from $I#212438622 local_logical_time 85 sender_logical_clock 37 physical_clock 1386283348300
Id: -1 message: -1 received_from $L#-276650530 local_logical_time 86 sender_logical_clock 40 physical_clock 1386283348300
Id: -1 message: -1 received_from $K#-359675340 local_logical_time 87 sender_logical_clock 39 physical_clock 1386283348300
Id: 353 message: 353 received_from $J#-624834146 local_logical_time 88 sender_logical_clock 38 physical_clock 1386283348301
Id: -1 message: -1 received_from $M#-1888630535 local_logical_time 89 sender_logical_clock 41 physical_clock 1386283348301
Id: -1 message: -1 received_from $N#923397512 local_logical_time 90 sender_logical_clock 42 physical_clock 1386283348302
Id: -1 message: -1 received_from $O#1656489889 local_logical_time 91 sender_logical_clock 43 physical_clock 1386283348302
Id: -1 message: -1 received_from $P#541667114 local_logical_time 92 sender_logical_clock 44 physical_clock 1386283348302
Id: -1 message: -1 received_from $Q#-293650271 local_logical_time 93 sender_logical_clock 45 physical_clock 1386283348302
Id: -1 message: -1 received_from $S#2093084647 local_logical_time 94 sender_logical_clock 47 physical_clock 1386283348303
Id: -1 message: -1 received_from $T#-834546615 local_logical_time 95 sender_logical_clock 48 physical_clock 1386283348303
Id: -1 message: -1 received_from $W#1825345592 local_logical_time 96 sender_logical_clock 51 physical_clock 1386283348303
Id: -1 message: -1 received_from $R#-2717383 local_logical_time 97 sender_logical_clock 46 physical_clock 1386283348303
Id: -1 message: -1 received_from $V#-2133538919 local_logical_time 98 sender_logical_clock 50 physical_clock 1386283348304
Id: -1 message: -1 received_from $U#116334505 local_logical_time 99 sender_logical_clock 49 physical_clock 1386283348304
Id: -1 message: -1 received_from $X#-807681254 local_logical_time 100 sender_logical_clock 52 physical_clock 1386283348304
